<?xml version="1.0" encoding="UTF-8"?>
<!-- Generated by org.testng.reporters.JUnitReportReporter -->
<testsuite name="com.datacanal.common.util.ZkUtilTest" tests="1" time="0.066" ignored="3" failures="0" timestamp="14 十一月 2017 08:39:05 GMT" skipped="0" hostname="hansen-wang" errors="0">
  <testcase name="testModifyData" time="0.066" classname="com.datacanal.common.util.ZkUtilTest"/>
  <testcase name="testExecCmd" classname="com.datacanal.common.util.ZkUtilTest">
    <skipped/>
  </testcase> <!-- testExecCmd -->
  <testcase name="test" classname="com.datacanal.common.util.ZkUtilTest">
    <skipped/>
  </testcase> <!-- test -->
  <testcase name="testCreatePath" classname="com.datacanal.common.util.ZkUtilTest">
    <skipped/>
  </testcase> <!-- testCreatePath -->
</testsuite> <!-- com.datacanal.common.util.ZkUtilTest -->
