<?xml version="1.0" encoding="UTF-8"?>
<!-- Generated by org.testng.reporters.JUnitReportReporter -->
<testsuite name="com.datacanal.common.util.ZkUtilTest" tests="1" time="0.272" ignored="2" failures="0" timestamp="10 十一月 2017 11:13:44 GMT" skipped="0" hostname="hansen-wang" errors="0">
  <testcase name="testCreatePath" time="0.272" classname="com.datacanal.common.util.ZkUtilTest"/>
  <testcase name="testExecCmd" classname="com.datacanal.common.util.ZkUtilTest">
    <skipped/>
  </testcase> <!-- testExecCmd -->
  <testcase name="test" classname="com.datacanal.common.util.ZkUtilTest">
    <skipped/>
  </testcase> <!-- test -->
</testsuite> <!-- com.datacanal.common.util.ZkUtilTest -->
