<?xml version="1.0" encoding="UTF-8"?>
<!-- Generated by org.testng.reporters.JUnitReportReporter -->
<testsuite name="com.datacanal.common.util.ZkUtilTest" tests="1" time="10.354" ignored="2" failures="0" timestamp="10 十一月 2017 09:22:00 GMT" skipped="0" hostname="hansen-wang" errors="0">
  <testcase name="testExecCmd" time="10.354" classname="com.datacanal.common.util.ZkUtilTest"/>
  <testcase name="test" classname="com.datacanal.common.util.ZkUtilTest">
    <skipped/>
  </testcase> <!-- test -->
  <testcase name="testCreatePath" classname="com.datacanal.common.util.ZkUtilTest">
    <skipped/>
  </testcase> <!-- testCreatePath -->
</testsuite> <!-- com.datacanal.common.util.ZkUtilTest -->
