<?xml version="1.0" encoding="UTF-8"?>
<!-- Generated by org.testng.reporters.JUnitReportReporter -->
<testsuite name="com.datacanal.common.util.ZkUtilTest" tests="1" time="0.150" ignored="0" failures="0" timestamp="07 十一月 2017 02:04:04 GMT" skipped="0" hostname="hansen-wang" errors="0">
  <testcase name="testCreatePath" time="0.150" classname="com.datacanal.common.util.ZkUtilTest"/>
</testsuite> <!-- com.datacanal.common.util.ZkUtilTest -->
