<?xml version="1.0" encoding="UTF-8"?>
<!-- Generated by org.testng.reporters.JUnitReportReporter -->
<testsuite name="com.datacanal.zookeeper.lock.impl.ZkSimpleDistributedLockTest" tests="1" time="60.023" ignored="1" failures="0" timestamp="01 十一月 2017 03:47:27 GMT" skipped="0" hostname="hansen-wang" errors="0">
  <testcase name="lock" time="60.023" classname="com.datacanal.zookeeper.lock.impl.ZkSimpleDistributedLockTest"/>
  <testcase name="unLock" classname="com.datacanal.zookeeper.lock.impl.ZkSimpleDistributedLockTest">
    <skipped/>
  </testcase> <!-- unLock -->
</testsuite> <!-- com.datacanal.zookeeper.lock.impl.ZkSimpleDistributedLockTest -->
