<?xml version="1.0" encoding="UTF-8"?>
<!-- Generated by org.testng.reporters.JUnitReportReporter -->
<testsuite name="com.datacanal.common.util.ZkUtilTest" tests="1" time="0.005" ignored="1" failures="0" timestamp="10 十一月 2017 07:05:13 GMT" skipped="0" hostname="hansen-wang" errors="0">
  <testcase name="test" time="0.005" classname="com.datacanal.common.util.ZkUtilTest"/>
  <testcase name="testCreatePath" classname="com.datacanal.common.util.ZkUtilTest">
    <skipped/>
  </testcase> <!-- testCreatePath -->
</testsuite> <!-- com.datacanal.common.util.ZkUtilTest -->
