<?xml version="1.0" encoding="UTF-8"?>
<!-- Generated by org.testng.reporters.JUnitReportReporter -->
<testsuite name="com.datacanal.common.util.ZkUtilTest" tests="1" time="0.146" ignored="0" failures="0" timestamp="10 十一月 2017 05:40:15 GMT" skipped="0" hostname="hansen-wang" errors="0">
  <testcase name="testCreatePath" time="0.146" classname="com.datacanal.common.util.ZkUtilTest"/>
</testsuite> <!-- com.datacanal.common.util.ZkUtilTest -->
